<?xml version="1.0" encoding="UTF-8"?>
<!-- Generated by org.testng.reporters.JUnitReportReporter -->
<testsuite skipped="0" hostname="lab005" name="com.mailsend.test.SendEMailTest" tests="1" failures="0" timestamp="12 Jul 2019 11:06:53 GMT" time="4.319" errors="0">
  <testcase name="sendingEmail" time="4.319" classname="com.mailsend.test.SendEMailTest"/>
</testsuite> <!-- com.mailsend.test.SendEMailTest -->
